<?xml version="1.0" encoding="UTF-8"?>
<robot generator="Robot 7.1 (Python 3.12.4 on win32)" generated="2024-09-11T22:30:49.203430" rpa="false" schemaversion="5">
<suite id="s1" name="SearchOnGoogleTest" source="P:\Clarivate_Assessment\ClarivateAssessment\TestCases\SearchOnGoogleTest.robot">
<kw name="Open My Browser and Launch Application" owner="CommonKeywords" type="SETUP">
<kw name="Open Browser" owner="SeleniumLibrary">
<msg time="2024-09-11T22:30:49.654255" level="INFO">Opening browser 'chrome' to base url 'https://www.google.com/'.</msg>
<arg>${url}</arg>
<arg>${browserName}</arg>
<doc>Opens a new browser instance to the optional ``url``.</doc>
<status status="PASS" start="2024-09-11T22:30:49.654255" elapsed="3.308185"/>
</kw>
<kw name="Maximize Browser Window" owner="SeleniumLibrary">
<doc>Maximizes current browser window.</doc>
<status status="PASS" start="2024-09-11T22:30:52.962440" elapsed="0.059431"/>
</kw>
<kw name="Click Element" owner="SeleniumLibrary">
<msg time="2024-09-11T22:30:53.022859" level="INFO">Clicking element 'xpath://div[text()='Accept all']'.</msg>
<arg>${btn_accept}</arg>
<doc>Click the element identified by ``locator``.</doc>
<status status="PASS" start="2024-09-11T22:30:53.021871" elapsed="0.146041"/>
</kw>
<status status="PASS" start="2024-09-11T22:30:49.653172" elapsed="3.514740"/>
</kw>
<test id="s1-t1" name="GoToGoogleAndSearch" line="16">
<kw name="Enter Search Text and Enter" owner="GoogleSearchKeywords">
<kw name="Element Should Be Enabled" owner="SeleniumLibrary">
<arg>${txt_search}</arg>
<doc>Verifies that element identified by ``locator`` is enabled.</doc>
<status status="PASS" start="2024-09-11T22:30:53.171230" elapsed="0.062014"/>
</kw>
<kw name="Input Text" owner="SeleniumLibrary">
<msg time="2024-09-11T22:30:53.233750" level="INFO">Typing text 'ProQuest' into text field 'name:q'.</msg>
<arg>${txt_search}</arg>
<arg>${searchContent}</arg>
<doc>Types the given ``text`` into the text field identified by ``locator``.</doc>
<status status="PASS" start="2024-09-11T22:30:53.233244" elapsed="0.213426"/>
</kw>
<kw name="Press Keys" owner="SeleniumLibrary">
<msg time="2024-09-11T22:30:53.447666" level="INFO">Sending key(s) ('RETURN',) to name:q element.</msg>
<msg time="2024-09-11T22:30:53.900111" level="INFO">Pressing special key RETURN to element.</msg>
<msg time="2024-09-11T22:30:53.900111" level="INFO">Releasing special key RETURN.</msg>
<arg>${txt_search}</arg>
<arg>RETURN</arg>
<doc>Simulates the user pressing key(s) to an element or on the active browser.</doc>
<status status="PASS" start="2024-09-11T22:30:53.446670" elapsed="1.473357"/>
</kw>
<arg>${searchcontent}</arg>
<status status="PASS" start="2024-09-11T22:30:53.170233" elapsed="1.750791"/>
</kw>
<status status="PASS" start="2024-09-11T22:30:53.167912" elapsed="1.753112"/>
</test>
<test id="s1-t2" name="GetAllLinkTitles" line="20">
<kw name="GetAllLinks" owner="GoogleSearchKeywords">
<kw name="Wait Until Page Contains Element" owner="SeleniumLibrary">
<arg>${links_firstPage}</arg>
<doc>Waits until the element ``locator`` appears on the current page.</doc>
<status status="PASS" start="2024-09-11T22:30:54.922493" elapsed="0.038436"/>
</kw>
<kw name="Get WebElements" owner="SeleniumLibrary">
<msg time="2024-09-11T22:30:54.967467" level="INFO">${titles} = [&lt;selenium.webdriver.remote.webelement.WebElement (session="b544e1002b94aecfccd2f5fd5da0ed73", element="f.18B83EC7A63568FDCB2A059698A5D470.d.882A021DDB173CB39D0503DFBC58012C.e.2267")&gt;, &lt;selenium.webdr...</msg>
<var>${titles}</var>
<arg>${links_firstPage}</arg>
<doc>Returns a list of WebElement objects matching the ``locator``.</doc>
<status status="PASS" start="2024-09-11T22:30:54.960929" elapsed="0.006538"/>
</kw>
<kw name="StoreLinksInTxtFile" owner="GoogleSearchKeywords">
<kw name="Get Environment Variable" owner="OperatingSystem">
<msg time="2024-09-11T22:30:54.968579" level="INFO">${home_dir} = C:\Users\prann</msg>
<var>${home_dir}</var>
<arg>USERPROFILE</arg>
<doc>Returns the value of an environment variable with the given name.</doc>
<status status="PASS" start="2024-09-11T22:30:54.968579" elapsed="0.000000"/>
</kw>
<kw name="Run Keyword If" owner="BuiltIn">
<arg>r'${home_dir}' == ''</arg>
<arg>${home_dir}=</arg>
<arg>Get Environment Variable</arg>
<arg>HOME</arg>
<doc>Runs the given keyword with the given arguments, if ``condition`` is true.</doc>
<status status="PASS" start="2024-09-11T22:30:54.968579" elapsed="0.000000"/>
</kw>
<kw name="Join Path" owner="OperatingSystem">
<msg time="2024-09-11T22:30:54.968579" level="INFO">${desktop_path} = C:\Users\prann\Desktop</msg>
<var>${desktop_path}</var>
<arg>${home_dir}</arg>
<arg>${folder_name}</arg>
<doc>Joins the given path part(s) to the given base path.</doc>
<status status="PASS" start="2024-09-11T22:30:54.968579" elapsed="0.000000"/>
</kw>
<kw name="Join Path" owner="OperatingSystem">
<msg time="2024-09-11T22:30:54.969599" level="INFO">${file_path} = C:\Users\prann\Desktop\AllLinkTitles.txt</msg>
<var>${file_path}</var>
<arg>${desktop_path}</arg>
<arg>${file_name}</arg>
<doc>Joins the given path part(s) to the given base path.</doc>
<status status="PASS" start="2024-09-11T22:30:54.968579" elapsed="0.001020"/>
</kw>
<for flavor="IN">
<iter>
<kw name="Get Text" owner="SeleniumLibrary">
<msg time="2024-09-11T22:30:54.988388" level="INFO">${title} = ProQuest | Better research, better learning, better insights.</msg>
<var>${title}</var>
<arg>${element}</arg>
<doc>Returns the text value of the element identified by ``locator``.</doc>
<status status="PASS" start="2024-09-11T22:30:54.969599" elapsed="0.018789"/>
</kw>
<kw name="Run Keyword If" owner="BuiltIn">
<kw name="Append To File" owner="OperatingSystem">
<msg time="2024-09-11T22:30:54.990472" level="INFO" html="true">Appended to file '&lt;a href="file://C:\Users\prann\Desktop\AllLinkTitles.txt"&gt;C:\Users\prann\Desktop\AllLinkTitles.txt&lt;/a&gt;'.</msg>
<arg>${file_path}</arg>
<arg>${title}\n</arg>
<arg>encoding=UTF-8</arg>
<doc>Appends the given content to the specified file.</doc>
<status status="PASS" start="2024-09-11T22:30:54.989475" elapsed="0.000997"/>
</kw>
<arg>'${title.strip()}' != ''</arg>
<arg>Append To File</arg>
<arg>${file_path}</arg>
<arg>${title}\n</arg>
<arg>encoding=UTF-8</arg>
<doc>Runs the given keyword with the given arguments, if ``condition`` is true.</doc>
<status status="PASS" start="2024-09-11T22:30:54.988388" elapsed="0.002084"/>
</kw>
<var name="${element}">&lt;selenium.webdriver.remote.webelement.WebElement (session="b544e1002b94aecfccd2f5fd5da0ed73", element="f.18B83EC7A63568FDCB2A059698A5D470.d.882A021DDB173CB39D0503DFBC58012C.e.2267")&gt;</var>
<status status="PASS" start="2024-09-11T22:30:54.969599" elapsed="0.020873"/>
</iter>
<iter>
<kw name="Get Text" owner="SeleniumLibrary">
<msg time="2024-09-11T22:30:55.018177" level="INFO">${title} = Dissertations &amp; Theses</msg>
<var>${title}</var>
<arg>${element}</arg>
<doc>Returns the text value of the element identified by ``locator``.</doc>
<status status="PASS" start="2024-09-11T22:30:54.991591" elapsed="0.026586"/>
</kw>
<kw name="Run Keyword If" owner="BuiltIn">
<kw name="Append To File" owner="OperatingSystem">
<msg time="2024-09-11T22:30:55.020265" level="INFO" html="true">Appended to file '&lt;a href="file://C:\Users\prann\Desktop\AllLinkTitles.txt"&gt;C:\Users\prann\Desktop\AllLinkTitles.txt&lt;/a&gt;'.</msg>
<arg>${file_path}</arg>
<arg>${title}\n</arg>
<arg>encoding=UTF-8</arg>
<doc>Appends the given content to the specified file.</doc>
<status status="PASS" start="2024-09-11T22:30:55.019197" elapsed="0.001068"/>
</kw>
<arg>'${title.strip()}' != ''</arg>
<arg>Append To File</arg>
<arg>${file_path}</arg>
<arg>${title}\n</arg>
<arg>encoding=UTF-8</arg>
<doc>Runs the given keyword with the given arguments, if ``condition`` is true.</doc>
<status status="PASS" start="2024-09-11T22:30:55.018177" elapsed="0.002088"/>
</kw>
<var name="${element}">&lt;selenium.webdriver.remote.webelement.WebElement (session="b544e1002b94aecfccd2f5fd5da0ed73", element="f.18B83EC7A63568FDCB2A059698A5D470.d.882A021DDB173CB39D0503DFBC58012C.e.2310")&gt;</var>
<status status="PASS" start="2024-09-11T22:30:54.991591" elapsed="0.028674"/>
</iter>
<iter>
<kw name="Get Text" owner="SeleniumLibrary">
<msg time="2024-09-11T22:30:55.044882" level="INFO">${title} = Databases</msg>
<var>${title}</var>
<arg>${element}</arg>
<doc>Returns the text value of the element identified by ``locator``.</doc>
<status status="PASS" start="2024-09-11T22:30:55.021322" elapsed="0.023560"/>
</kw>
<kw name="Run Keyword If" owner="BuiltIn">
<kw name="Append To File" owner="OperatingSystem">
<msg time="2024-09-11T22:30:55.047086" level="INFO" html="true">Appended to file '&lt;a href="file://C:\Users\prann\Desktop\AllLinkTitles.txt"&gt;C:\Users\prann\Desktop\AllLinkTitles.txt&lt;/a&gt;'.</msg>
<arg>${file_path}</arg>
<arg>${title}\n</arg>
<arg>encoding=UTF-8</arg>
<doc>Appends the given content to the specified file.</doc>
<status status="PASS" start="2024-09-11T22:30:55.046074" elapsed="0.001012"/>
</kw>
<arg>'${title.strip()}' != ''</arg>
<arg>Append To File</arg>
<arg>${file_path}</arg>
<arg>${title}\n</arg>
<arg>encoding=UTF-8</arg>
<doc>Runs the given keyword with the given arguments, if ``condition`` is true.</doc>
<status status="PASS" start="2024-09-11T22:30:55.046074" elapsed="0.001012"/>
</kw>
<var name="${element}">&lt;selenium.webdriver.remote.webelement.WebElement (session="b544e1002b94aecfccd2f5fd5da0ed73", element="f.18B83EC7A63568FDCB2A059698A5D470.d.882A021DDB173CB39D0503DFBC58012C.e.2319")&gt;</var>
<status status="PASS" start="2024-09-11T22:30:55.021322" elapsed="0.025764"/>
</iter>
<iter>
<kw name="Get Text" owner="SeleniumLibrary">
<msg time="2024-09-11T22:30:55.052938" level="INFO">${title} = Login</msg>
<var>${title}</var>
<arg>${element}</arg>
<doc>Returns the text value of the element identified by ``locator``.</doc>
<status status="PASS" start="2024-09-11T22:30:55.047086" elapsed="0.005852"/>
</kw>
<kw name="Run Keyword If" owner="BuiltIn">
<kw name="Append To File" owner="OperatingSystem">
<msg time="2024-09-11T22:30:55.055241" level="INFO" html="true">Appended to file '&lt;a href="file://C:\Users\prann\Desktop\AllLinkTitles.txt"&gt;C:\Users\prann\Desktop\AllLinkTitles.txt&lt;/a&gt;'.</msg>
<arg>${file_path}</arg>
<arg>${title}\n</arg>
<arg>encoding=UTF-8</arg>
<doc>Appends the given content to the specified file.</doc>
<status status="PASS" start="2024-09-11T22:30:55.053944" elapsed="0.001297"/>
</kw>
<arg>'${title.strip()}' != ''</arg>
<arg>Append To File</arg>
<arg>${file_path}</arg>
<arg>${title}\n</arg>
<arg>encoding=UTF-8</arg>
<doc>Runs the given keyword with the given arguments, if ``condition`` is true.</doc>
<status status="PASS" start="2024-09-11T22:30:55.052938" elapsed="0.002303"/>
</kw>
<var name="${element}">&lt;selenium.webdriver.remote.webelement.WebElement (session="b544e1002b94aecfccd2f5fd5da0ed73", element="f.18B83EC7A63568FDCB2A059698A5D470.d.882A021DDB173CB39D0503DFBC58012C.e.2328")&gt;</var>
<status status="PASS" start="2024-09-11T22:30:55.047086" elapsed="0.008155"/>
</iter>
<iter>
<kw name="Get Text" owner="SeleniumLibrary">
<msg time="2024-09-11T22:30:55.062732" level="INFO">${title} = ProQuest Central</msg>
<var>${title}</var>
<arg>${element}</arg>
<doc>Returns the text value of the element identified by ``locator``.</doc>
<status status="PASS" start="2024-09-11T22:30:55.056388" elapsed="0.006344"/>
</kw>
<kw name="Run Keyword If" owner="BuiltIn">
<kw name="Append To File" owner="OperatingSystem">
<msg time="2024-09-11T22:30:55.063779" level="INFO" html="true">Appended to file '&lt;a href="file://C:\Users\prann\Desktop\AllLinkTitles.txt"&gt;C:\Users\prann\Desktop\AllLinkTitles.txt&lt;/a&gt;'.</msg>
<arg>${file_path}</arg>
<arg>${title}\n</arg>
<arg>encoding=UTF-8</arg>
<doc>Appends the given content to the specified file.</doc>
<status status="PASS" start="2024-09-11T22:30:55.063779" elapsed="0.000000"/>
</kw>
<arg>'${title.strip()}' != ''</arg>
<arg>Append To File</arg>
<arg>${file_path}</arg>
<arg>${title}\n</arg>
<arg>encoding=UTF-8</arg>
<doc>Runs the given keyword with the given arguments, if ``condition`` is true.</doc>
<status status="PASS" start="2024-09-11T22:30:55.062732" elapsed="0.001047"/>
</kw>
<var name="${element}">&lt;selenium.webdriver.remote.webelement.WebElement (session="b544e1002b94aecfccd2f5fd5da0ed73", element="f.18B83EC7A63568FDCB2A059698A5D470.d.882A021DDB173CB39D0503DFBC58012C.e.2337")&gt;</var>
<status status="PASS" start="2024-09-11T22:30:55.056388" elapsed="0.007391"/>
</iter>
<iter>
<kw name="Get Text" owner="SeleniumLibrary">
<msg time="2024-09-11T22:30:55.071357" level="INFO">${title} = About - Who We Are</msg>
<var>${title}</var>
<arg>${element}</arg>
<doc>Returns the text value of the element identified by ``locator``.</doc>
<status status="PASS" start="2024-09-11T22:30:55.064788" elapsed="0.006569"/>
</kw>
<kw name="Run Keyword If" owner="BuiltIn">
<kw name="Append To File" owner="OperatingSystem">
<msg time="2024-09-11T22:30:55.072418" level="INFO" html="true">Appended to file '&lt;a href="file://C:\Users\prann\Desktop\AllLinkTitles.txt"&gt;C:\Users\prann\Desktop\AllLinkTitles.txt&lt;/a&gt;'.</msg>
<arg>${file_path}</arg>
<arg>${title}\n</arg>
<arg>encoding=UTF-8</arg>
<doc>Appends the given content to the specified file.</doc>
<status status="PASS" start="2024-09-11T22:30:55.071357" elapsed="0.001061"/>
</kw>
<arg>'${title.strip()}' != ''</arg>
<arg>Append To File</arg>
<arg>${file_path}</arg>
<arg>${title}\n</arg>
<arg>encoding=UTF-8</arg>
<doc>Runs the given keyword with the given arguments, if ``condition`` is true.</doc>
<status status="PASS" start="2024-09-11T22:30:55.071357" elapsed="0.001061"/>
</kw>
<var name="${element}">&lt;selenium.webdriver.remote.webelement.WebElement (session="b544e1002b94aecfccd2f5fd5da0ed73", element="f.18B83EC7A63568FDCB2A059698A5D470.d.882A021DDB173CB39D0503DFBC58012C.e.2346")&gt;</var>
<status status="PASS" start="2024-09-11T22:30:55.064788" elapsed="0.007630"/>
</iter>
<iter>
<kw name="Get Text" owner="SeleniumLibrary">
<msg time="2024-09-11T22:30:55.077810" level="INFO">${title} = </msg>
<var>${title}</var>
<arg>${element}</arg>
<doc>Returns the text value of the element identified by ``locator``.</doc>
<status status="PASS" start="2024-09-11T22:30:55.072418" elapsed="0.005392"/>
</kw>
<kw name="Run Keyword If" owner="BuiltIn">
<arg>'${title.strip()}' != ''</arg>
<arg>Append To File</arg>
<arg>${file_path}</arg>
<arg>${title}\n</arg>
<arg>encoding=UTF-8</arg>
<doc>Runs the given keyword with the given arguments, if ``condition`` is true.</doc>
<status status="PASS" start="2024-09-11T22:30:55.077810" elapsed="0.001041"/>
</kw>
<var name="${element}">&lt;selenium.webdriver.remote.webelement.WebElement (session="b544e1002b94aecfccd2f5fd5da0ed73", element="f.18B83EC7A63568FDCB2A059698A5D470.d.882A021DDB173CB39D0503DFBC58012C.e.1819")&gt;</var>
<status status="PASS" start="2024-09-11T22:30:55.072418" elapsed="0.006433"/>
</iter>
<iter>
<kw name="Get Text" owner="SeleniumLibrary">
<msg time="2024-09-11T22:30:55.084562" level="INFO">${title} = </msg>
<var>${title}</var>
<arg>${element}</arg>
<doc>Returns the text value of the element identified by ``locator``.</doc>
<status status="PASS" start="2024-09-11T22:30:55.078851" elapsed="0.005711"/>
</kw>
<kw name="Run Keyword If" owner="BuiltIn">
<arg>'${title.strip()}' != ''</arg>
<arg>Append To File</arg>
<arg>${file_path}</arg>
<arg>${title}\n</arg>
<arg>encoding=UTF-8</arg>
<doc>Runs the given keyword with the given arguments, if ``condition`` is true.</doc>
<status status="PASS" start="2024-09-11T22:30:55.084562" elapsed="0.000000"/>
</kw>
<var name="${element}">&lt;selenium.webdriver.remote.webelement.WebElement (session="b544e1002b94aecfccd2f5fd5da0ed73", element="f.18B83EC7A63568FDCB2A059698A5D470.d.882A021DDB173CB39D0503DFBC58012C.e.1867")&gt;</var>
<status status="PASS" start="2024-09-11T22:30:55.078851" elapsed="0.005711"/>
</iter>
<iter>
<kw name="Get Text" owner="SeleniumLibrary">
<msg time="2024-09-11T22:30:55.091422" level="INFO">${title} = </msg>
<var>${title}</var>
<arg>${element}</arg>
<doc>Returns the text value of the element identified by ``locator``.</doc>
<status status="PASS" start="2024-09-11T22:30:55.085559" elapsed="0.005863"/>
</kw>
<kw name="Run Keyword If" owner="BuiltIn">
<arg>'${title.strip()}' != ''</arg>
<arg>Append To File</arg>
<arg>${file_path}</arg>
<arg>${title}\n</arg>
<arg>encoding=UTF-8</arg>
<doc>Runs the given keyword with the given arguments, if ``condition`` is true.</doc>
<status status="PASS" start="2024-09-11T22:30:55.091422" elapsed="0.000000"/>
</kw>
<var name="${element}">&lt;selenium.webdriver.remote.webelement.WebElement (session="b544e1002b94aecfccd2f5fd5da0ed73", element="f.18B83EC7A63568FDCB2A059698A5D470.d.882A021DDB173CB39D0503DFBC58012C.e.1914")&gt;</var>
<status status="PASS" start="2024-09-11T22:30:55.085559" elapsed="0.005863"/>
</iter>
<iter>
<kw name="Get Text" owner="SeleniumLibrary">
<msg time="2024-09-11T22:30:55.097070" level="INFO">${title} = </msg>
<var>${title}</var>
<arg>${element}</arg>
<doc>Returns the text value of the element identified by ``locator``.</doc>
<status status="PASS" start="2024-09-11T22:30:55.091422" elapsed="0.005648"/>
</kw>
<kw name="Run Keyword If" owner="BuiltIn">
<arg>'${title.strip()}' != ''</arg>
<arg>Append To File</arg>
<arg>${file_path}</arg>
<arg>${title}\n</arg>
<arg>encoding=UTF-8</arg>
<doc>Runs the given keyword with the given arguments, if ``condition`` is true.</doc>
<status status="PASS" start="2024-09-11T22:30:55.097070" elapsed="0.000000"/>
</kw>
<var name="${element}">&lt;selenium.webdriver.remote.webelement.WebElement (session="b544e1002b94aecfccd2f5fd5da0ed73", element="f.18B83EC7A63568FDCB2A059698A5D470.d.882A021DDB173CB39D0503DFBC58012C.e.1959")&gt;</var>
<status status="PASS" start="2024-09-11T22:30:55.091422" elapsed="0.005648"/>
</iter>
<iter>
<kw name="Get Text" owner="SeleniumLibrary">
<msg time="2024-09-11T22:30:55.102556" level="INFO">${title} = ProQuest</msg>
<var>${title}</var>
<arg>${element}</arg>
<doc>Returns the text value of the element identified by ``locator``.</doc>
<status status="PASS" start="2024-09-11T22:30:55.097070" elapsed="0.005486"/>
</kw>
<kw name="Run Keyword If" owner="BuiltIn">
<kw name="Append To File" owner="OperatingSystem">
<msg time="2024-09-11T22:30:55.104899" level="INFO" html="true">Appended to file '&lt;a href="file://C:\Users\prann\Desktop\AllLinkTitles.txt"&gt;C:\Users\prann\Desktop\AllLinkTitles.txt&lt;/a&gt;'.</msg>
<arg>${file_path}</arg>
<arg>${title}\n</arg>
<arg>encoding=UTF-8</arg>
<doc>Appends the given content to the specified file.</doc>
<status status="PASS" start="2024-09-11T22:30:55.103559" elapsed="0.001340"/>
</kw>
<arg>'${title.strip()}' != ''</arg>
<arg>Append To File</arg>
<arg>${file_path}</arg>
<arg>${title}\n</arg>
<arg>encoding=UTF-8</arg>
<doc>Runs the given keyword with the given arguments, if ``condition`` is true.</doc>
<status status="PASS" start="2024-09-11T22:30:55.103559" elapsed="0.001340"/>
</kw>
<var name="${element}">&lt;selenium.webdriver.remote.webelement.WebElement (session="b544e1002b94aecfccd2f5fd5da0ed73", element="f.18B83EC7A63568FDCB2A059698A5D470.d.882A021DDB173CB39D0503DFBC58012C.e.2533")&gt;</var>
<status status="PASS" start="2024-09-11T22:30:55.097070" elapsed="0.007829"/>
</iter>
<iter>
<kw name="Get Text" owner="SeleniumLibrary">
<msg time="2024-09-11T22:30:55.110234" level="INFO">${title} = Home - ProQuest Ebook Central</msg>
<var>${title}</var>
<arg>${element}</arg>
<doc>Returns the text value of the element identified by ``locator``.</doc>
<status status="PASS" start="2024-09-11T22:30:55.104899" elapsed="0.005335"/>
</kw>
<kw name="Run Keyword If" owner="BuiltIn">
<kw name="Append To File" owner="OperatingSystem">
<msg time="2024-09-11T22:30:55.112373" level="INFO" html="true">Appended to file '&lt;a href="file://C:\Users\prann\Desktop\AllLinkTitles.txt"&gt;C:\Users\prann\Desktop\AllLinkTitles.txt&lt;/a&gt;'.</msg>
<arg>${file_path}</arg>
<arg>${title}\n</arg>
<arg>encoding=UTF-8</arg>
<doc>Appends the given content to the specified file.</doc>
<status status="PASS" start="2024-09-11T22:30:55.111333" elapsed="0.001040"/>
</kw>
<arg>'${title.strip()}' != ''</arg>
<arg>Append To File</arg>
<arg>${file_path}</arg>
<arg>${title}\n</arg>
<arg>encoding=UTF-8</arg>
<doc>Runs the given keyword with the given arguments, if ``condition`` is true.</doc>
<status status="PASS" start="2024-09-11T22:30:55.110234" elapsed="0.002139"/>
</kw>
<var name="${element}">&lt;selenium.webdriver.remote.webelement.WebElement (session="b544e1002b94aecfccd2f5fd5da0ed73", element="f.18B83EC7A63568FDCB2A059698A5D470.d.882A021DDB173CB39D0503DFBC58012C.e.2581")&gt;</var>
<status status="PASS" start="2024-09-11T22:30:55.104899" elapsed="0.007474"/>
</iter>
<iter>
<kw name="Get Text" owner="SeleniumLibrary">
<msg time="2024-09-11T22:30:55.117643" level="INFO">${title} = Home - ProQuest Platform</msg>
<var>${title}</var>
<arg>${element}</arg>
<doc>Returns the text value of the element identified by ``locator``.</doc>
<status status="PASS" start="2024-09-11T22:30:55.112373" elapsed="0.005270"/>
</kw>
<kw name="Run Keyword If" owner="BuiltIn">
<kw name="Append To File" owner="OperatingSystem">
<msg time="2024-09-11T22:30:55.118666" level="INFO" html="true">Appended to file '&lt;a href="file://C:\Users\prann\Desktop\AllLinkTitles.txt"&gt;C:\Users\prann\Desktop\AllLinkTitles.txt&lt;/a&gt;'.</msg>
<arg>${file_path}</arg>
<arg>${title}\n</arg>
<arg>encoding=UTF-8</arg>
<doc>Appends the given content to the specified file.</doc>
<status status="PASS" start="2024-09-11T22:30:55.118666" elapsed="0.000000"/>
</kw>
<arg>'${title.strip()}' != ''</arg>
<arg>Append To File</arg>
<arg>${file_path}</arg>
<arg>${title}\n</arg>
<arg>encoding=UTF-8</arg>
<doc>Runs the given keyword with the given arguments, if ``condition`` is true.</doc>
<status status="PASS" start="2024-09-11T22:30:55.117643" elapsed="0.002456"/>
</kw>
<var name="${element}">&lt;selenium.webdriver.remote.webelement.WebElement (session="b544e1002b94aecfccd2f5fd5da0ed73", element="f.18B83EC7A63568FDCB2A059698A5D470.d.882A021DDB173CB39D0503DFBC58012C.e.2629")&gt;</var>
<status status="PASS" start="2024-09-11T22:30:55.112373" elapsed="0.007726"/>
</iter>
<iter>
<kw name="Get Text" owner="SeleniumLibrary">
<msg time="2024-09-11T22:30:55.125172" level="INFO">${title} = ProQuest Dissertations &amp; Theses Citation Index</msg>
<var>${title}</var>
<arg>${element}</arg>
<doc>Returns the text value of the element identified by ``locator``.</doc>
<status status="PASS" start="2024-09-11T22:30:55.120099" elapsed="0.005073"/>
</kw>
<kw name="Run Keyword If" owner="BuiltIn">
<kw name="Append To File" owner="OperatingSystem">
<msg time="2024-09-11T22:30:55.126242" level="INFO" html="true">Appended to file '&lt;a href="file://C:\Users\prann\Desktop\AllLinkTitles.txt"&gt;C:\Users\prann\Desktop\AllLinkTitles.txt&lt;/a&gt;'.</msg>
<arg>${file_path}</arg>
<arg>${title}\n</arg>
<arg>encoding=UTF-8</arg>
<doc>Appends the given content to the specified file.</doc>
<status status="PASS" start="2024-09-11T22:30:55.125172" elapsed="0.001070"/>
</kw>
<arg>'${title.strip()}' != ''</arg>
<arg>Append To File</arg>
<arg>${file_path}</arg>
<arg>${title}\n</arg>
<arg>encoding=UTF-8</arg>
<doc>Runs the given keyword with the given arguments, if ``condition`` is true.</doc>
<status status="PASS" start="2024-09-11T22:30:55.125172" elapsed="0.001070"/>
</kw>
<var name="${element}">&lt;selenium.webdriver.remote.webelement.WebElement (session="b544e1002b94aecfccd2f5fd5da0ed73", element="f.18B83EC7A63568FDCB2A059698A5D470.d.882A021DDB173CB39D0503DFBC58012C.e.2679")&gt;</var>
<status status="PASS" start="2024-09-11T22:30:55.120099" elapsed="0.006143"/>
</iter>
<iter>
<kw name="Get Text" owner="SeleniumLibrary">
<msg time="2024-09-11T22:30:55.132719" level="INFO">${title} = ProQuest, Part of Clarivate | London</msg>
<var>${title}</var>
<arg>${element}</arg>
<doc>Returns the text value of the element identified by ``locator``.</doc>
<status status="PASS" start="2024-09-11T22:30:55.126242" elapsed="0.006477"/>
</kw>
<kw name="Run Keyword If" owner="BuiltIn">
<kw name="Append To File" owner="OperatingSystem">
<msg time="2024-09-11T22:30:55.133736" level="INFO" html="true">Appended to file '&lt;a href="file://C:\Users\prann\Desktop\AllLinkTitles.txt"&gt;C:\Users\prann\Desktop\AllLinkTitles.txt&lt;/a&gt;'.</msg>
<arg>${file_path}</arg>
<arg>${title}\n</arg>
<arg>encoding=UTF-8</arg>
<doc>Appends the given content to the specified file.</doc>
<status status="PASS" start="2024-09-11T22:30:55.132719" elapsed="0.001017"/>
</kw>
<arg>'${title.strip()}' != ''</arg>
<arg>Append To File</arg>
<arg>${file_path}</arg>
<arg>${title}\n</arg>
<arg>encoding=UTF-8</arg>
<doc>Runs the given keyword with the given arguments, if ``condition`` is true.</doc>
<status status="PASS" start="2024-09-11T22:30:55.132719" elapsed="0.001017"/>
</kw>
<var name="${element}">&lt;selenium.webdriver.remote.webelement.WebElement (session="b544e1002b94aecfccd2f5fd5da0ed73", element="f.18B83EC7A63568FDCB2A059698A5D470.d.882A021DDB173CB39D0503DFBC58012C.e.2725")&gt;</var>
<status status="PASS" start="2024-09-11T22:30:55.126242" elapsed="0.007494"/>
</iter>
<iter>
<kw name="Get Text" owner="SeleniumLibrary">
<msg time="2024-09-11T22:30:55.139521" level="INFO">${title} = Guide to using ProQuest databases - London</msg>
<var>${title}</var>
<arg>${element}</arg>
<doc>Returns the text value of the element identified by ``locator``.</doc>
<status status="PASS" start="2024-09-11T22:30:55.133736" elapsed="0.005785"/>
</kw>
<kw name="Run Keyword If" owner="BuiltIn">
<kw name="Append To File" owner="OperatingSystem">
<msg time="2024-09-11T22:30:55.140519" level="INFO" html="true">Appended to file '&lt;a href="file://C:\Users\prann\Desktop\AllLinkTitles.txt"&gt;C:\Users\prann\Desktop\AllLinkTitles.txt&lt;/a&gt;'.</msg>
<arg>${file_path}</arg>
<arg>${title}\n</arg>
<arg>encoding=UTF-8</arg>
<doc>Appends the given content to the specified file.</doc>
<status status="PASS" start="2024-09-11T22:30:55.140519" elapsed="0.000000"/>
</kw>
<arg>'${title.strip()}' != ''</arg>
<arg>Append To File</arg>
<arg>${file_path}</arg>
<arg>${title}\n</arg>
<arg>encoding=UTF-8</arg>
<doc>Runs the given keyword with the given arguments, if ``condition`` is true.</doc>
<status status="PASS" start="2024-09-11T22:30:55.139521" elapsed="0.001995"/>
</kw>
<var name="${element}">&lt;selenium.webdriver.remote.webelement.WebElement (session="b544e1002b94aecfccd2f5fd5da0ed73", element="f.18B83EC7A63568FDCB2A059698A5D470.d.882A021DDB173CB39D0503DFBC58012C.e.2771")&gt;</var>
<status status="PASS" start="2024-09-11T22:30:55.133736" elapsed="0.007780"/>
</iter>
<var>${element}</var>
<value>@{titles}</value>
<status status="PASS" start="2024-09-11T22:30:54.969599" elapsed="0.171917"/>
</for>
<arg>${titles}</arg>
<status status="PASS" start="2024-09-11T22:30:54.967467" elapsed="0.174049"/>
</kw>
<status status="PASS" start="2024-09-11T22:30:54.922493" elapsed="0.219023"/>
</kw>
<status status="PASS" start="2024-09-11T22:30:54.921024" elapsed="0.220492"/>
</test>
<test id="s1-t3" name="OpenProQuestSiteAndSearch" line="24">
<kw name="ClickOnProQuestLink" owner="ProQuestSearchKeywords">
<kw name="Wait Until Element Is Enabled" owner="SeleniumLibrary">
<arg>${link_proQuestPage}</arg>
<doc>Waits until the element ``locator`` is enabled.</doc>
<status status="PASS" start="2024-09-11T22:30:55.142511" elapsed="0.029120"/>
</kw>
<kw name="Click Link" owner="SeleniumLibrary">
<msg time="2024-09-11T22:30:55.171631" level="INFO">Clicking link 'xpath:(//div[@id='search']//a)[1]'.</msg>
<arg>${link_proQuestPage}</arg>
<doc>Clicks a link identified by ``locator``.</doc>
<status status="PASS" start="2024-09-11T22:30:55.171631" elapsed="0.646343"/>
</kw>
<status status="PASS" start="2024-09-11T22:30:55.142511" elapsed="0.675463"/>
</kw>
<kw name="RejectTheCookies" owner="ProQuestSearchKeywords">
<kw name="Wait Until Element Is Enabled" owner="SeleniumLibrary">
<arg>${btn_RejectAll}</arg>
<doc>Waits until the element ``locator`` is enabled.</doc>
<status status="PASS" start="2024-09-11T22:30:55.819002" elapsed="0.297024"/>
</kw>
<kw name="Click Button" owner="SeleniumLibrary">
<msg time="2024-09-11T22:30:56.117513" level="INFO">Clicking button 'id:onetrust-reject-all-handler'.</msg>
<arg>${btn_RejectAll}</arg>
<doc>Clicks the button identified by ``locator``.</doc>
<status status="PASS" start="2024-09-11T22:30:56.117513" elapsed="0.090270"/>
</kw>
<status status="PASS" start="2024-09-11T22:30:55.819002" elapsed="0.388781"/>
</kw>
<kw name="ClickOnProQuestSearchBar" owner="ProQuestSearchKeywords">
<kw name="Wait Until Element Is Enabled" owner="SeleniumLibrary">
<arg>${txt_ProQuestSearch}</arg>
<doc>Waits until the element ``locator`` is enabled.</doc>
<status status="PASS" start="2024-09-11T22:30:56.208780" elapsed="0.037494"/>
</kw>
<kw name="Input Text" owner="SeleniumLibrary">
<msg time="2024-09-11T22:30:56.246274" level="INFO">Typing text 'QA' into text field 'id:searchTerm'.</msg>
<arg>${txt_ProQuestSearch}</arg>
<arg>${searchTerm}</arg>
<doc>Types the given ``text`` into the text field identified by ``locator``.</doc>
<status status="PASS" start="2024-09-11T22:30:56.246274" elapsed="0.101619"/>
</kw>
<kw name="Press Keys" owner="SeleniumLibrary">
<msg time="2024-09-11T22:30:56.347893" level="INFO">Sending key(s) ('RETURN',) to id:searchTerm element.</msg>
<msg time="2024-09-11T22:30:56.636214" level="INFO">Pressing special key RETURN to element.</msg>
<msg time="2024-09-11T22:30:56.636214" level="INFO">Releasing special key RETURN.</msg>
<arg>${txt_ProQuestSearch}</arg>
<arg>RETURN</arg>
<doc>Simulates the user pressing key(s) to an element or on the active browser.</doc>
<status status="PASS" start="2024-09-11T22:30:56.347893" elapsed="0.299285"/>
</kw>
<kw name="Sleep" owner="BuiltIn">
<msg time="2024-09-11T22:30:58.648381" level="INFO">Slept 2 seconds.</msg>
<arg>2s</arg>
<doc>Pauses the test executed for the given time.</doc>
<status status="PASS" start="2024-09-11T22:30:56.647178" elapsed="2.001203"/>
</kw>
<kw name="Capture Page Screenshot" owner="SeleniumLibrary">
<msg time="2024-09-11T22:30:58.774252" level="INFO" html="true">&lt;/td&gt;&lt;/tr&gt;&lt;tr&gt;&lt;td colspan="3"&gt;&lt;a href="../output/AfterProQuestSearch.png"&gt;&lt;img src="../output/AfterProQuestSearch.png" width="800px"&gt;&lt;/a&gt;</msg>
<arg>../output/AfterProQuestSearch.png</arg>
<doc>Takes a screenshot of the current page and embeds it into a log file.</doc>
<status status="PASS" start="2024-09-11T22:30:58.648889" elapsed="0.125363"/>
</kw>
<status status="PASS" start="2024-09-11T22:30:56.207783" elapsed="2.566469"/>
</kw>
<status status="PASS" start="2024-09-11T22:30:55.141516" elapsed="3.633733"/>
</test>
<kw name="Close My Broswers" owner="CommonKeywords" type="TEARDOWN">
<kw name="Close All Browsers" owner="SeleniumLibrary">
<doc>Closes all open browsers and resets the browser cache.</doc>
<status status="PASS" start="2024-09-11T22:30:58.776246" elapsed="2.228175"/>
</kw>
<status status="PASS" start="2024-09-11T22:30:58.775249" elapsed="2.229172"/>
</kw>
<status status="PASS" start="2024-09-11T22:30:49.207007" elapsed="11.797414"/>
</suite>
<statistics>
<total>
<stat pass="3" fail="0" skip="0">All Tests</stat>
</total>
<tag>
</tag>
<suite>
<stat pass="3" fail="0" skip="0" id="s1" name="SearchOnGoogleTest">SearchOnGoogleTest</stat>
</suite>
</statistics>
<errors>
</errors>
</robot>
